\BOOKMARK [0][-]{chapter.1}{\376\377\000G\000i\036\333\000i\000\040\000t\000h\000i\036\307\000u}{}% 1
\BOOKMARK [1][-]{section.1.1}{\376\377\000G\000i\036\333\000i\000\040\000t\000h\000i\036\307\000u\000\040\001\021\036\301\000\040\000t\000\340\000i}{chapter.1}% 2
\BOOKMARK [1][-]{section.1.2}{\376\377\000M\036\345\000c\000\040\000t\000i\000\352\000u\000\040\000c\036\347\000a\000\040\001\021\036\301\000\040\000t\000\340\000i}{chapter.1}% 3
\BOOKMARK [1][-]{section.1.3}{\376\377\000C\036\245\000u\000\040\000t\000r\000\372\000c\000\040\000l\000u\036\255\000n\000\040\000v\001\003\000n}{chapter.1}% 4
\BOOKMARK [0][-]{chapter.2}{\376\377\000T\036\325\000n\000g\000\040\000q\000u\000a\000n}{}% 5
\BOOKMARK [1][-]{section.2.1}{\376\377\000H\000i\036\307\000u\000\040\000q\000u\036\243\000\040\001\021\000\341\000n\000h\000\040\000m\000\341\000y\000\040\000b\036\261\000n\000g\000\040\000m\036\257\000t\000\040\000v\036\333\000i\000\040\0009\000-\000h\001\260\036\333\000n\000g\000\040\000G\000a\000z\000e\000\040\000E\000s\000t\000i\000m\000a\000t\000i\000o\000n\000\040\0009\000d\000i\000r\000e\000c\000t\000i\000o\000n}{chapter.2}% 6
\BOOKMARK [1][-]{section.2.2}{\376\377\000A\000p\000p\000e\000a\000r\000a\000n\000c\000e\000-\000B\000a\000s\000e\000d\000\040\000G\000a\000z\000e\000\040\000E\000s\000t\000i\000m\000a\000t\000i\000o\000n\000\040\000i\000n\000\040\000t\000h\000e\000\040\000W\000i\000l\000d\000\040\000a\000p\000p\000e\000a\000r\000a\000n\000c\000e}{chapter.2}% 7
\BOOKMARK [1][-]{section.2.3}{\376\377\000R\000e\000n\000d\000e\000r\000i\000n\000g\000\040\000o\000f\000\040\000E\000y\000e\000s\000\040\000f\000o\000r\000\040\000E\000y\000e\000-\000S\000h\000a\000p\000e\000\040\000R\000e\000g\000i\000s\000t\000r\000a\000t\000i\000o\000n\000\040\000a\000n\000d\000\040\000G\000a\000z\000e\000\040\000E\000s\000t\000i\000m\000a\000t\000i\000o\000n\000\040\000e\000y\000e\000S\000h\000a\000p\000e\000R\000e\000g\000i\000s\000t\000r\000a\000t\000i\000o\000n\000A\000n\000d\000G\000a\000z\000e\000E\000s\000t\000i\000m\000a\000t\000i\000o\000n}{chapter.2}% 8
\BOOKMARK [1][-]{section.2.4}{\376\377\000L\000e\000a\000r\000n\000i\000n\000g\000\040\000a\000n\000\040\000a\000p\000p\000e\000a\000r\000a\000n\000c\000e\000-\000b\000a\000s\000e\000d\000\040\000g\000a\000z\000e\000\040\000e\000s\000t\000i\000m\000a\000t\000o\000r\000\040\000f\000r\000o\000m\000\040\000o\000n\000e\000\040\000m\000i\000l\000l\000i\000o\000n\000\040\000s\000y\000n\000t\000h\000e\000s\000i\000s\000e\000d\000\040\000i\000m\000a\000g\000e\000s\000\040\000L\000e\000a\000r\000n\000i\000n\000g\000a\000n\000a\000p\000p\000e\000a\000r\000a\000n\000c\000e\000b\000a\000s\000e\000d\000g\000a\000z\000e\000e\000s\000t\000i\000m\000a\000t\000o\000r}{chapter.2}% 9
\BOOKMARK [0][-]{chapter.3}{\376\377\000K\000i\036\277\000n\000\040\000t\000h\036\351\000c\000\040\000n\036\301\000n\000\040\000t\036\243\000n\000g}{}% 10
\BOOKMARK [1][-]{section.3.1}{\376\377\000K\000h\000\341\000i\000\040\000n\000i\036\307\000m\000\040\000c\000h\000u\000n\000g}{chapter.3}% 11
\BOOKMARK [1][-]{section.3.2}{\376\377\000C\000o\000n\000v\000o\000l\000u\000t\000i\000o\000n\000\040\000N\000e\000u\000r\000a\000l\000\040\000N\000e\000t\000w\000o\000r\000k\000\040\000c\000n\000n}{chapter.3}% 12
\BOOKMARK [2][-]{subsection.3.2.1}{\376\377\000C\000\341\000c\000\040\000t\000h\000\340\000n\000h\000\040\000p\000h\036\247\000n\000\040\000c\001\241\000\040\000b\036\243\000n\000\040\000c\036\347\000a\000\040\000m\036\241\000n\000g\000\040\000C\000N\000N}{section.3.2}% 13
\BOOKMARK [2][-]{subsection.3.2.2}{\376\377\000K\000i\036\277\000n\000\040\000t\000r\000\372\000c\000\040\000m\036\241\000n\000g\000\040\000C\000N\000N\000\040\000c\001\241\000\040\000b\036\243\000n}{section.3.2}% 14
\BOOKMARK [1][-]{section.3.3}{\376\377\000C\000\341\000c\000\040\000k\000i\036\277\000n\000\040\000t\000r\000\372\000c\000\040\000m\036\241\000n\000g\000\040\000C\000N\000N\000\040\000n\000\342\000n\000g\000\040\000c\000a\000o}{chapter.3}% 15
\BOOKMARK [2][-]{subsection.3.3.1}{\376\377\000M\036\241\000n\000g\000\040\000L\000e\000N\000e\000t\000-\0005}{section.3.3}% 16
\BOOKMARK [2][-]{subsection.3.3.2}{\376\377\000M\036\241\000n\000g\000\040\000A\000l\000e\000x\000N\000e\000t}{section.3.3}% 17
\BOOKMARK [2][-]{subsection.3.3.3}{\376\377\000M\036\241\000n\000g\000\040\000G\000o\000o\000g\000L\000e\000N\000e\000t}{section.3.3}% 18
\BOOKMARK [2][-]{subsection.3.3.4}{\376\377\000M\036\241\000n\000g\000\040\000R\000e\000s\000N\000e\000t\000\040\000r\000e\000n\000s\000e\000t}{section.3.3}% 19
\BOOKMARK [0][-]{chapter.4}{\376\377\000H\001\260\036\333\000n\000g\000\040\000t\000i\036\277\000p\000\040\000c\036\255\000n\000\040\000v\000\340\000\040\000m\000\364\000\040\000h\000\354\000n\000h\000\040\001\021\036\301\000\040\000x\000u\036\245\000t}{}% 20
\BOOKMARK [1][-]{section.4.1}{\376\377\000H\001\260\036\333\000n\000g\000\040\000t\000i\036\277\000p\000\040\000c\036\255\000n}{chapter.4}% 21
\BOOKMARK [1][-]{section.4.2}{\376\377\000C\000\364\000n\000g\000\040\000c\036\345\000\040\000s\036\355\000\040\000d\036\345\000n\000g}{chapter.4}% 22
\BOOKMARK [0][-]{chapter.5}{\376\377\000T\000h\036\361\000c\000\040\000n\000g\000h\000i\036\307\000m\000\040\000v\000\340\000\040\001\021\000\341\000n\000h\000\040\000g\000i\000\341\000\040\000m\000\364\000\040\000h\000\354\000n\000h}{}% 23
\BOOKMARK [1][-]{section.5.1}{\376\377\000C\000h\000u\036\251\000n\000\040\000b\036\313\000\040\000d\036\357\000\040\000l\000i\036\307\000u\000,\000\040\000n\000g\000h\000i\000\352\000n\000\040\000c\036\351\000u\000,\000\040\000p\000h\000\342\000n\000\040\000t\000\355\000c\000h\000\040\001\021\036\301\000\040\000t\000\340\000i\000\040}{chapter.5}% 24
\BOOKMARK [2][-]{subsection.5.1.1}{\376\377\000C\000h\000u\036\251\000n\000\040\000b\036\313\000\040\000k\000i\036\277\000n\000\040\000t\000h\036\351\000c\000\040\000n\036\301\000n\000\040\000t\036\243\000n\000g}{section.5.1}% 25
\BOOKMARK [2][-]{subsection.5.1.2}{\376\377\000N\000g\000h\000i\000\352\000n\000\040\000c\036\351\000u\000\040\000k\036\371\000\040\000t\000h\000u\036\255\000t\000\040\000d\000\365\000i\000\040\000c\000h\000u\000y\036\303\000n\000\040\001\021\036\331\000n\000g\000\040\000m\036\257\000t\000\040\000h\000i\036\307\000n\000\040\000n\000a\000y}{section.5.1}% 26
\BOOKMARK [2][-]{subsection.5.1.3}{\376\377\000C\000h\000u\036\251\000n\000\040\000b\036\313\000\040\000v\000\340\000\040\000x\036\355\000\040\000l\000\375\000\040\000d\036\357\000\040\000l\000i\036\307\000u}{section.5.1}% 27
\BOOKMARK [1][-]{section.5.2}{\376\377\000T\000i\036\277\000n\000\040\000h\000\340\000n\000h\000\040\000t\000h\036\361\000c\000\040\000h\000i\036\307\000n}{chapter.5}% 28
\BOOKMARK [2][-]{subsection.5.2.1}{\376\377\000T\036\255\000p\000\040\000d\036\357\000\040\000l\000i\036\307\000u\000\040\000G\000a\000z\000e\000C\000a\000p\000t\000u\000r\000e\000E\000y\000e\000T\000r\000a\000c\000k\000i\000n\000g}{section.5.2}% 29
\BOOKMARK [2][-]{subsection.5.2.2}{\376\377\000T\036\255\000p\000\040\000d\036\357\000\040\000l\000i\036\307\000u\000\040\000M\000P\000I\000I\000F\000a\000c\000e\000G\000a\000z\000e}{section.5.2}% 30
\BOOKMARK [1][-]{section.5.3}{\376\377\001\020\000\341\000n\000h\000\040\000g\000i\000\341\000\040\000k\036\277\000t\000\040\000q\000u\036\243\000,\000\040\000m\000\364\000\040\000h\000\354\000n\000h}{chapter.5}% 31
\BOOKMARK [0][-]{chapter.6}{\376\377\000T\000h\036\243\000o\000\040\000l\000u\036\255\000n}{}% 32
