ChkTeX v1.7.8 - Copyright 1995-96 Jens T. Berger Thielemann.
Compiled with PCRE regex support.
No errors printed; 2 warnings printed; 1185 user suppressed warnings; No line suppressed warnings.
See the manual for how to suppress some or all of these warnings/errors.
The manual is available at https://www.nongnu.org/chktex/ChkTeX.pdf
PNG copy skipped (alpha): ./img/LogoBK.png
Image written (PNG, 78 ms): ./img/LogoBK.png
PNG copy skipped (alpha): ./img/yey.png
Image written (PNG, 10 ms): ./img/yey.png
PNG copy skipped (alpha): ./img/yeycnn.png
Image written (PNG, 34 ms): ./img/yeycnn.png
PNG copy skipped (alpha): ./img/table.png
Image written (PNG, 6 ms): ./img/table.png
PNG copy skipped (alpha): ./img/h.png
Image written (PNG, 6 ms): ./img/h.png
PNG copy skipped (alpha): ./img/conv.png
Image written (PNG, 5 ms): ./img/conv.png
PNG copy skipped (alpha): ./img/2dataset.png
Image written (PNG, 6 ms): ./img/2dataset.png
PNG copy skipped (other): ./img/photorealistic_images_of_eyes.png
Image written (PNG, 12 ms): ./img/photorealistic_images_of_eyes.png
PNG copy skipped (alpha): ./img/An_overview_of_our_model_preparation_process.png
Image written (PNG, 27 ms): ./img/An_overview_of_our_model_preparation_process.png
PNG copy skipped (other): ./img/Eye_model_and_3D_head_model.png
Image written (PNG, 35 ms): ./img/Eye_model_and_3D_head_model.png
PNG copy skipped (other): ./img/Camera_position.png
Image written (PNG, 21 ms): ./img/Camera_position.png
PNG copy skipped (other): ./img/Appearance_variation_from_lighting.png
Image written (PNG, 58 ms): ./img/Appearance_variation_from_lighting.png
PNG copy skipped (other): ./img/Estimation_of_errors_on_MPIIGaze.png
Image written (PNG, 14 ms): ./img/Estimation_of_errors_on_MPIIGaze.png
PNG copy skipped (other): ./img/Example_fits_of_our_SynthesEyes_eye_CLNF.png
Image written (PNG, 11 ms): ./img/Example_fits_of_our_SynthesEyes_eye_CLNF.png
PNG copy skipped (other): ./img/Performance_chart_on_MPIIGaze.png
Image written (PNG, 26 ms): ./img/Performance_chart_on_MPIIGaze.png
PNG copy skipped (other): ./img/Image_dataset_the_nearest_neighbor_approach.png
Image written (PNG, 29 ms): ./img/Image_dataset_the_nearest_neighbor_approach.png
PNG copy skipped (other): ./img/Eyeball_mesh.png
Image written (PNG, 4 ms): ./img/Eyeball_mesh.png
PNG copy skipped (other): ./img/Model_iris_refraction.png
Image written (PNG, 6 ms): ./img/Model_iris_refraction.png
PNG copy skipped (alpha): ./img/Generative_eye_region_model.PNG
Image written (PNG, 13 ms): ./img/Generative_eye_region_model.PNG
PNG copy skipped (other): ./img/The_result_of_Nearest_neighbour_pairs.png
Image written (PNG, 44 ms): ./img/The_result_of_Nearest_neighbour_pairs.png
PNG copy skipped (other): ./img/Pixel_and_gaze_errors_for_nearest_neighbor.png
Image written (PNG, 7 ms): ./img/Pixel_and_gaze_errors_for_nearest_neighbor.png
PNG copy skipped (other): ./img/feature.png
Image written (PNG, 97 ms): ./img/feature.png
PNG copy skipped (other): ./img/convolution_3.png
Image written (PNG, 18 ms): ./img/convolution_3.png
PNG copy skipped (other): ./img/convolution_1.png
Image written (PNG, 13 ms): ./img/convolution_1.png
PNG copy skipped (other): ./img/convolution_2.png
Image written (PNG, 45 ms): ./img/convolution_2.png
PNG copy skipped (other): ./img/MaxPooling.png
Image written (PNG, 12 ms): ./img/MaxPooling.png
PNG copy skipped (other): ./img/RELU.png
Image written (PNG, 6 ms): ./img/RELU.png
PNG copy skipped (other): ./img/Fully-Connected_Layer.png
Image written (PNG, 155 ms): ./img/Fully-Connected_Layer.png
PNG copy skipped (other): ./img/basiccnn1.png
Image written (PNG, 39 ms): ./img/basiccnn1.png
PNG copy skipped (other): ./img/basiccnn2.png
Image written (PNG, 33 ms): ./img/basiccnn2.png
PNG copy skipped (alpha): ./img/lenet.png
Image written (PNG, 25 ms): ./img/lenet.png
PNG copy: ./img/alexnet2.png
Image written (PNG, 0 ms): ./img/alexnet2.png
PNG copy skipped (alpha): ./img/googlenet_diagram.png
Image written (PNG, 67 ms): ./img/googlenet_diagram.png
PNG copy skipped (other): ./img/inception_1x1.png
Image written (PNG, 13 ms): ./img/inception_1x1.png
PNG copy skipped (other): ./img/ResNet.png
Image written (PNG, 7 ms): ./img/ResNet.png
PNG copy skipped (other): ./img/tensor.png
Image written (PNG, 31 ms): ./img/tensor.png
PNG copy: ./img/Camera.png
Image written (PNG, 0 ms): ./img/Camera.png
PNG copy skipped (other): ./img/Classification_of_eye_movements.png
Image written (PNG, 24 ms): ./img/Classification_of_eye_movements.png
PNG copy skipped (other): ./img/Relation_between_gaze_direction_head_pose.png
Image written (PNG, 4 ms): ./img/Relation_between_gaze_direction_head_pose.png
PNG copy skipped (other): ./img/Schematic_diagram_of_a_typical_gaze_tracking_system.png
Image written (PNG, 10 ms): ./img/Schematic_diagram_of_a_typical_gaze_tracking_system.png
PNG copy skipped (other): ./img/Model_of_a_human_eye_ball.png
Image written (PNG, 16 ms): ./img/Model_of_a_human_eye_ball.png
PNG copy skipped (alpha): ./img/Template_of_an_eye_region.PNG
Image written (PNG, 7 ms): ./img/Template_of_an_eye_region.PNG
PNG copy skipped (alpha): ./img/MPIIFaceGaze-anh.png
Image written (PNG, 5 ms): ./img/MPIIFaceGaze-anh.png
PNG copy skipped (alpha): ./img/GazeCaptureEyeTracking_JSon.png
Image written (PNG, 7 ms): ./img/GazeCaptureEyeTracking_JSon.png
PNG copy skipped (alpha): ./img/GazeCaptureEyeTracking_anh.png
Image written (PNG, 36 ms): ./img/GazeCaptureEyeTracking_anh.png
PNG copy skipped (alpha): ./img/direction.png
Image written (PNG, 2 ms): ./img/direction.png
PNG copy skipped (other): ./img/mohinhtrain1.png
Image written (PNG, 14 ms): ./img/mohinhtrain1.png
PNG copy skipped (alpha): ./img/mohindetect.png
Image written (PNG, 14 ms): ./img/mohindetect.png
PNG copy skipped (other): ./img/5fileanhchupoutputthumuc1.png
Image written (PNG, 12 ms): ./img/5fileanhchupoutputthumuc1.png
PNG copy skipped (alpha): ./img/MPIIFaceGaze-anh-dau-co-ten-file.png
Image written (PNG, 34 ms): ./img/MPIIFaceGaze-anh-dau-co-ten-file.png
PNG copy skipped (alpha): ./img/MPIIFaceGaze-anh-ket-qua1.png
Image written (PNG, 9 ms): ./img/MPIIFaceGaze-anh-ket-qua1.png
PNG copy skipped (alpha): ./img/LogoBK.png
Image written (PNG, 106 ms): ./img/LogoBK.png
PNG copy skipped (alpha): ./img/yey.png
Image written (PNG, 10 ms): ./img/yey.png
PNG copy skipped (alpha): ./img/yeycnn.png
Image written (PNG, 20 ms): ./img/yeycnn.png
PNG copy skipped (alpha): ./img/table.png
Image written (PNG, 25 ms): ./img/table.png
PNG copy skipped (alpha): ./img/h.png
Image written (PNG, 8 ms): ./img/h.png
PNG copy skipped (alpha): ./img/conv.png
Image written (PNG, 6 ms): ./img/conv.png
PNG copy skipped (alpha): ./img/2dataset.png
Image written (PNG, 9 ms): ./img/2dataset.png
PNG copy skipped (other): ./img/photorealistic_images_of_eyes.png
Image written (PNG, 29 ms): ./img/photorealistic_images_of_eyes.png
PNG copy skipped (alpha): ./img/An_overview_of_our_model_preparation_process.png
Image written (PNG, 10 ms): ./img/An_overview_of_our_model_preparation_process.png
PNG copy skipped (other): ./img/Eye_model_and_3D_head_model.png
Image written (PNG, 40 ms): ./img/Eye_model_and_3D_head_model.png
PNG copy skipped (other): ./img/Camera_position.png
Image written (PNG, 40 ms): ./img/Camera_position.png
PNG copy skipped (other): ./img/Appearance_variation_from_lighting.png
Image written (PNG, 42 ms): ./img/Appearance_variation_from_lighting.png
PNG copy skipped (other): ./img/Estimation_of_errors_on_MPIIGaze.png
Image written (PNG, 16 ms): ./img/Estimation_of_errors_on_MPIIGaze.png
PNG copy skipped (other): ./img/Example_fits_of_our_SynthesEyes_eye_CLNF.png
Image written (PNG, 34 ms): ./img/Example_fits_of_our_SynthesEyes_eye_CLNF.png
PNG copy skipped (other): ./img/Performance_chart_on_MPIIGaze.png
Image written (PNG, 10 ms): ./img/Performance_chart_on_MPIIGaze.png
PNG copy skipped (other): ./img/Image_dataset_the_nearest_neighbor_approach.png
Image written (PNG, 31 ms): ./img/Image_dataset_the_nearest_neighbor_approach.png
PNG copy skipped (other): ./img/Eyeball_mesh.png
Image written (PNG, 4 ms): ./img/Eyeball_mesh.png
PNG copy skipped (other): ./img/Model_iris_refraction.png
Image written (PNG, 14 ms): ./img/Model_iris_refraction.png
PNG copy skipped (alpha): ./img/Generative_eye_region_model.PNG
Image written (PNG, 17 ms): ./img/Generative_eye_region_model.PNG
PNG copy skipped (other): ./img/The_result_of_Nearest_neighbour_pairs.png
Image written (PNG, 38 ms): ./img/The_result_of_Nearest_neighbour_pairs.png
PNG copy skipped (other): ./img/Pixel_and_gaze_errors_for_nearest_neighbor.png
Image written (PNG, 12 ms): ./img/Pixel_and_gaze_errors_for_nearest_neighbor.png
PNG copy skipped (other): ./img/feature.png
Image written (PNG, 93 ms): ./img/feature.png
PNG copy skipped (other): ./img/convolution_3.png
Image written (PNG, 22 ms): ./img/convolution_3.png
PNG copy skipped (other): ./img/convolution_1.png
Image written (PNG, 16 ms): ./img/convolution_1.png
PNG copy skipped (other): ./img/convolution_2.png
Image written (PNG, 49 ms): ./img/convolution_2.png
PNG copy skipped (other): ./img/MaxPooling.png
Image written (PNG, 14 ms): ./img/MaxPooling.png
PNG copy skipped (other): ./img/RELU.png
Image written (PNG, 9 ms): ./img/RELU.png
PNG copy skipped (other): ./img/Fully-Connected_Layer.png
Image written (PNG, 156 ms): ./img/Fully-Connected_Layer.png
PNG copy skipped (other): ./img/basiccnn1.png
Image written (PNG, 63 ms): ./img/basiccnn1.png
PNG copy skipped (other): ./img/basiccnn2.png
Image written (PNG, 17 ms): ./img/basiccnn2.png
PNG copy skipped (alpha): ./img/lenet.png
Image written (PNG, 50 ms): ./img/lenet.png
PNG copy: ./img/alexnet2.png
Image written (PNG, 0 ms): ./img/alexnet2.png
PNG copy skipped (alpha): ./img/googlenet_diagram.png
Image written (PNG, 75 ms): ./img/googlenet_diagram.png
PNG copy skipped (other): ./img/inception_1x1.png
Image written (PNG, 17 ms): ./img/inception_1x1.png
PNG copy skipped (other): ./img/ResNet.png
Image written (PNG, 10 ms): ./img/ResNet.png
PNG copy skipped (other): ./img/tensor.png
Image written (PNG, 61 ms): ./img/tensor.png
PNG copy: ./img/Camera.png
Image written (PNG, 0 ms): ./img/Camera.png
PNG copy skipped (other): ./img/Classification_of_eye_movements.png
Image written (PNG, 47 ms): ./img/Classification_of_eye_movements.png
PNG copy skipped (other): ./img/Relation_between_gaze_direction_head_pose.png
Image written (PNG, 5 ms): ./img/Relation_between_gaze_direction_head_pose.png
PNG copy skipped (other): ./img/Schematic_diagram_of_a_typical_gaze_tracking_system.png
Image written (PNG, 13 ms): ./img/Schematic_diagram_of_a_typical_gaze_tracking_system.png
PNG copy skipped (other): ./img/Model_of_a_human_eye_ball.png
Image written (PNG, 21 ms): ./img/Model_of_a_human_eye_ball.png
PNG copy skipped (alpha): ./img/Template_of_an_eye_region.PNG
Image written (PNG, 8 ms): ./img/Template_of_an_eye_region.PNG
PNG copy skipped (alpha): ./img/MPIIFaceGaze-anh.png
Image written (PNG, 7 ms): ./img/MPIIFaceGaze-anh.png
PNG copy skipped (alpha): ./img/GazeCaptureEyeTracking_JSon.png
Image written (PNG, 9 ms): ./img/GazeCaptureEyeTracking_JSon.png
PNG copy skipped (alpha): ./img/GazeCaptureEyeTracking_anh.png
Image written (PNG, 19 ms): ./img/GazeCaptureEyeTracking_anh.png
PNG copy skipped (alpha): ./img/direction.png
Image written (PNG, 2 ms): ./img/direction.png
PNG copy skipped (other): ./img/mohinhtrain1.png
Image written (PNG, 33 ms): ./img/mohinhtrain1.png
PNG copy skipped (alpha): ./img/mohindetect.png
Image written (PNG, 14 ms): ./img/mohindetect.png
PNG copy skipped (other): ./img/5fileanhchupoutputthumuc1.png
Image written (PNG, 13 ms): ./img/5fileanhchupoutputthumuc1.png
PNG copy skipped (alpha): ./img/MPIIFaceGaze-anh-dau-co-ten-file.png
Image written (PNG, 14 ms): ./img/MPIIFaceGaze-anh-dau-co-ten-file.png
PNG copy skipped (alpha): ./img/MPIIFaceGaze-anh-ket-qua1.png
Image written (PNG, 11 ms): ./img/MPIIFaceGaze-anh-ket-qua1.png
Latexmk: ====Undefined refs and citations with line #s in .tex file:
  Label `refhinh20' multiply defined
  Label `refhinh20' multiply defined
  Label `refhinh20' multiply defined
  Label `refhinh20' multiply defined
  Label `refhinh20' multiply defined
  Label `refhinh20' multiply defined
  Label `refhinh20' multiply defined
 And 22 more --- see log file 'output.log'
